\BOOKMARK [0][-]{chapter.1}{Marco Te\363rico y objetivos del trabajo}{}% 1
\BOOKMARK [1][-]{section.1.1}{Marco de desarrollo}{chapter.1}% 2
\BOOKMARK [1][-]{section.1.2}{La m\351dula espinal}{chapter.1}% 3
\BOOKMARK [1][-]{section.1.3}{Lesiones medulares}{chapter.1}% 4
\BOOKMARK [2][-]{subsection.1.3.1}{Clasificaci\363n de lesiones medulares}{section.1.3}% 5
\BOOKMARK [2][-]{subsection.1.3.2}{Clasificaci\363n de independencia funcional}{section.1.3}% 6
\BOOKMARK [1][-]{section.1.4}{Rehabilitaci\363n de lesiones en el sistema nervioso central}{chapter.1}% 7
\BOOKMARK [2][-]{subsection.1.4.1}{Neuro-rehabilitaci\363n de la marcha patol\363gica}{section.1.4}% 8
\BOOKMARK [2][-]{subsection.1.4.2}{Tecnolog\355as para la neuro-rehabilitaci\363n de la marcha patol\363gica}{section.1.4}% 9
\BOOKMARK [3][-]{subsubsection.1.4.2.1}{Asistencia rob\363tica}{subsection.1.4.2}% 10
\BOOKMARK [3][-]{subsubsection.1.4.2.2}{Asistencia por electroestimulaci\363n mediante neuropr\363tesis}{subsection.1.4.2}% 11
\BOOKMARK [3][-]{subsubsection.1.4.2.3}{Pr\363tesis h\355bridas}{subsection.1.4.2}% 12
\BOOKMARK [3][-]{subsubsection.1.4.2.4}{Sensores}{subsection.1.4.2}% 13
\BOOKMARK [3][-]{subsubsection.1.4.2.5}{Revisi\363n del estado del arte de neuropr\363tesis para el pie ca\355do}{subsection.1.4.2}% 14
\BOOKMARK [1][-]{section.1.5}{Objetivos del trabajo}{chapter.1}% 15
\BOOKMARK [0][-]{chapter.2}{Estudio de los componentes de la pr\363tesis h\355brida}{}% 16
\BOOKMARK [1][-]{section.2.1}{Electroestimulador muscular}{chapter.2}% 17
\BOOKMARK [2][-]{subsection.2.1.1}{Hardware}{section.2.1}% 18
\BOOKMARK [3][-]{subsubsection.2.1.1.1}{Etapa de control}{subsection.2.1.1}% 19
\BOOKMARK [3][-]{subsubsection.2.1.1.2}{Etapa de potencia}{subsection.2.1.1}% 20
\BOOKMARK [3][-]{subsubsection.2.1.1.3}{Comunicaci\363n}{subsection.2.1.1}% 21
\BOOKMARK [2][-]{subsection.2.1.2}{Montaje}{section.2.1}% 22
\BOOKMARK [2][-]{subsection.2.1.3}{Firmware}{section.2.1}% 23
\BOOKMARK [1][-]{section.2.2}{Exoesqueleto rob\363tico}{chapter.2}% 24
\BOOKMARK [1][-]{section.2.3}{Sensores}{chapter.2}% 25
\BOOKMARK [2][-]{subsection.2.3.1}{Electrogoni\363metros}{section.2.3}% 26
\BOOKMARK [0][-]{chapter.3}{Mejora del hardware de los electroestimuladores}{}% 27
\BOOKMARK [1][-]{section.3.1}{Etapa de potencia}{chapter.3}% 28
\BOOKMARK [2][-]{subsection.3.1.1}{Revisi\363n del hardware y planteamiento de objetivos de mejora}{section.3.1}% 29
\BOOKMARK [2][-]{subsection.3.1.2}{Redise\361o de la etapa de potencia}{section.3.1}% 30
\BOOKMARK [3][-]{subsubsection.3.1.2.1}{Esquem\341tico}{subsection.3.1.2}% 31
\BOOKMARK [3][-]{subsubsection.3.1.2.2}{Tarjeta de circuito impreso}{subsection.3.1.2}% 32
\BOOKMARK [2][-]{subsection.3.1.3}{Validaci\363n de objetivos}{section.3.1}% 33
\BOOKMARK [1][-]{section.3.2}{Etapa de control}{chapter.3}% 34
\BOOKMARK [2][-]{subsection.3.2.1}{Revisi\363n del hardware y planteamiento de objetivos de mejora}{section.3.2}% 35
\BOOKMARK [2][-]{subsection.3.2.2}{Tareas para la mejora del hardware}{section.3.2}% 36
\BOOKMARK [2][-]{subsection.3.2.3}{Validaci\363n de objetivos}{section.3.2}% 37
\BOOKMARK [0][-]{chapter.4}{Optimizaci\363n del firmware de los electroestimuladores}{}% 38
\BOOKMARK [1][-]{section.4.1}{Revisi\363n del firmware y planteamiento de objetivos de mejora}{chapter.4}% 39
\BOOKMARK [1][-]{section.4.2}{Codificaci\363n de instrucciones del estimulador el\351ctrico}{chapter.4}% 40
\BOOKMARK [1][-]{section.4.3}{Validaci\363n de la configuraci\363n \363ptima del firmware}{chapter.4}% 41
\BOOKMARK [0][-]{chapter.5}{Selecci\363n y programaci\363n del microcontrolador de la pr\363tesis h\355brida}{}% 42
\BOOKMARK [1][-]{section.5.1}{Selecci\363n del microcontrolador de la pr\363tesis h\355brida}{chapter.5}% 43
\BOOKMARK [2][-]{subsection.5.1.1}{Requisitos del microcontrolador}{section.5.1}% 44
\BOOKMARK [2][-]{subsection.5.1.2}{Selecci\363n del microcontrolador}{section.5.1}% 45
\BOOKMARK [1][-]{section.5.2}{Implementaci\363n de los protocolos de comunicaci\363n}{chapter.5}% 46
\BOOKMARK [2][-]{subsection.5.2.1}{Protocolo con el exoesqueleto}{section.5.2}% 47
\BOOKMARK [2][-]{subsection.5.2.2}{Protocolo con la interfaz}{section.5.2}% 48
\BOOKMARK [2][-]{subsection.5.2.3}{Protocolo con los estimuladores el\351ctricos}{section.5.2}% 49
\BOOKMARK [3][-]{subsubsection.5.2.3.1}{USART mediante cable}{subsection.5.2.3}% 50
\BOOKMARK [3][-]{subsubsection.5.2.3.2}{USART mediante Bluetooth y BLE}{subsection.5.2.3}% 51
\BOOKMARK [3][-]{subsubsection.5.2.3.3}{Pruebas de velocidad y selecci\363n del protocolo}{subsection.5.2.3}% 52
\BOOKMARK [1][-]{section.5.3}{Programaci\363n del microcontrolador}{chapter.5}% 53
\BOOKMARK [2][-]{subsection.5.3.1}{Interfaz gr\341fica}{section.5.3}% 54
\BOOKMARK [2][-]{subsection.5.3.2}{Exoesqueleto rob\363tico}{section.5.3}% 55
\BOOKMARK [2][-]{subsection.5.3.3}{Estimuladores el\351ctricos}{section.5.3}% 56
\BOOKMARK [0][-]{chapter.6}{Desarrollo de una interfaz gr\341fica de usuario}{}% 57
\BOOKMARK [1][-]{section.6.1}{Entorno de desarrollo y herramientas}{chapter.6}% 58
\BOOKMARK [1][-]{section.6.2}{Integraci\363n de estimuladores}{chapter.6}% 59
\BOOKMARK [2][-]{subsection.6.2.1}{Sector izquierdo: configuraci\363n de par\341metros}{section.6.2}% 60
\BOOKMARK [2][-]{subsection.6.2.2}{Sector central: mensajes e im\341genes informativos al usuario}{section.6.2}% 61
\BOOKMARK [2][-]{subsection.6.2.3}{Sector derecho: modo de operaci\363n y control de estimulaci\363n}{section.6.2}% 62
\BOOKMARK [1][-]{section.6.3}{Integraci\363n de sensores}{chapter.6}% 63
\BOOKMARK [1][-]{section.6.4}{Caracter\355sticas especiales}{chapter.6}% 64
\BOOKMARK [0][-]{chapter.7}{Evaluaci\363n de la pr\363tesis h\355brida}{}% 65
\BOOKMARK [0][-]{chapter.8}{Resumen, conclusiones y trabajo futuro}{}% 66
\BOOKMARK [0][-]{section*.64}{Anexos}{}% 67
\BOOKMARK [0][-]{appendix.Alph1}{Anexo I: Documentaci\363n de la etapa de control}{}% 68
\BOOKMARK [0][-]{appendix.Alph2}{Anexo II: Documentaci\363n de la etapa de potencia}{}% 69
